--------------------------------------------------------------------------------
Release 14.7 Trace  (lin64)
Copyright (c) 1995-2013 Xilinx, Inc.  All rights reserved.

/opt/Xilinx/14.7/ISE_DS/ISE/bin/lin64/unwrapped/trce -intstyle ise -v 3 -s 4 -n
3 -fastpaths -xml idea_com.twx idea_com.ncd -o idea_com.twr idea_com.pcf -ucf
idea_hw.ucf

Design file:              idea_com.ncd
Physical constraint file: idea_com.pcf
Device,package,speed:     xc3s500e,fg320,-4 (PRODUCTION 1.27 2013-10-13)
Report level:             verbose report

Environment Variable      Effect 
--------------------      ------ 
NONE                      No environment variables were set
--------------------------------------------------------------------------------

INFO:Timing:3412 - To improve timing, see the Timing Closure User Guide (UG612).
INFO:Timing:2752 - To get complete path coverage, use the unconstrained paths 
   option. All paths that are not constrained will be reported in the 
   unconstrained paths section(s) of the report.
INFO:Timing:3339 - The clock-to-out numbers in this timing report are based on 
   a 50 Ohm transmission line loading model.  For the details of this model, 
   and for more information on accounting for different loading conditions, 
   please see the device datasheet.
INFO:Timing:3390 - This architecture does not support a default System Jitter 
   value, please add SYSTEM_JITTER constraint to the UCF to modify the Clock 
   Uncertainty calculation.
INFO:Timing:3389 - This architecture does not support 'Discrete Jitter' and 
   'Phase Error' calculations, these terms will be zero in the Clock 
   Uncertainty calculation.  Please make appropriate modification to 
   SYSTEM_JITTER to account for the unsupported Discrete Jitter and Phase 
   Error.

================================================================================
Timing constraint: NET "Clk_BUFGP/IBUFG" PERIOD = 20 ns HIGH 40%;
For more information, see Period Analysis in the Timing Closure User Guide (UG612).

 2607 paths analyzed, 112 endpoints analyzed, 0 failing endpoints
 0 timing errors detected. (0 setup errors, 0 hold errors, 0 component switching limit errors)
 Minimum period is   7.317ns.
--------------------------------------------------------------------------------

Paths for end point clk_div_1/counter_24 (SLICE_X47Y86.SR), 63 paths
--------------------------------------------------------------------------------
Slack (setup path):     12.683ns (requirement - (data path - clock path skew + uncertainty))
  Source:               clk_div_1/counter_26 (FF)
  Destination:          clk_div_1/counter_24 (FF)
  Requirement:          20.000ns
  Data Path Delay:      7.317ns (Levels of Logic = 3)
  Clock Path Skew:      0.000ns
  Source Clock:         Clk_BUFGP rising at 0.000ns
  Destination Clock:    Clk_BUFGP rising at 20.000ns
  Clock Uncertainty:    0.000ns

  Maximum Data Path: clk_div_1/counter_26 to clk_div_1/counter_24
    Location             Delay type         Delay(ns)  Physical Resource
                                                       Logical Resource(s)
    -------------------------------------------------  -------------------
    SLICE_X47Y87.XQ      Tcko                  0.591   clk_div_1/counter<26>
                                                       clk_div_1/counter_26
    SLICE_X43Y82.G1      net (fanout=3)        1.649   clk_div_1/counter<26>
    SLICE_X43Y82.COUT    Topcyg                1.001   clk_div_1/Mcompar_CLK_OUT_cmp_lt0001_cy<9>
                                                       clk_div_1/Mcompar_CLK_OUT_cmp_lt0001_lut<9>
                                                       clk_div_1/Mcompar_CLK_OUT_cmp_lt0001_cy<9>
    SLICE_X43Y83.CIN     net (fanout=1)        0.000   clk_div_1/Mcompar_CLK_OUT_cmp_lt0001_cy<9>
    SLICE_X43Y83.COUT    Tbyp                  0.118   clk_div_1/Mcompar_CLK_OUT_cmp_lt0001_cy<11>
                                                       clk_div_1/Mcompar_CLK_OUT_cmp_lt0001_cy<10>
                                                       clk_div_1/Mcompar_CLK_OUT_cmp_lt0001_cy<11>
    SLICE_X44Y82.G1      net (fanout=2)        0.894   clk_div_1/Mcompar_CLK_OUT_cmp_lt0001_cy<11>
    SLICE_X44Y82.Y       Tilo                  0.759   clk_div_1/counter_and0000
                                                       clk_div_1/counter_and00001
    SLICE_X47Y86.SR      net (fanout=16)       1.395   clk_div_1/counter_and0000
    SLICE_X47Y86.CLK     Tsrck                 0.910   clk_div_1/counter<24>
                                                       clk_div_1/counter_24
    -------------------------------------------------  ---------------------------
    Total                                      7.317ns (3.379ns logic, 3.938ns route)
                                                       (46.2% logic, 53.8% route)

--------------------------------------------------------------------------------
Slack (setup path):     12.719ns (requirement - (data path - clock path skew + uncertainty))
  Source:               clk_div_1/counter_2 (FF)
  Destination:          clk_div_1/counter_24 (FF)
  Requirement:          20.000ns
  Data Path Delay:      7.281ns (Levels of Logic = 7)
  Clock Path Skew:      0.000ns
  Source Clock:         Clk_BUFGP rising at 0.000ns
  Destination Clock:    Clk_BUFGP rising at 20.000ns
  Clock Uncertainty:    0.000ns

  Maximum Data Path: clk_div_1/counter_2 to clk_div_1/counter_24
    Location             Delay type         Delay(ns)  Physical Resource
                                                       Logical Resource(s)
    -------------------------------------------------  -------------------
    SLICE_X47Y75.XQ      Tcko                  0.591   clk_div_1/counter<2>
                                                       clk_div_1/counter_2
    SLICE_X43Y78.G1      net (fanout=3)        1.141   clk_div_1/counter<2>
    SLICE_X43Y78.COUT    Topcyg                1.001   clk_div_1/Mcompar_CLK_OUT_cmp_lt0001_cy<1>
                                                       clk_div_1/Mcompar_CLK_OUT_cmp_lt0001_lut<1>
                                                       clk_div_1/Mcompar_CLK_OUT_cmp_lt0001_cy<1>
    SLICE_X43Y79.CIN     net (fanout=1)        0.000   clk_div_1/Mcompar_CLK_OUT_cmp_lt0001_cy<1>
    SLICE_X43Y79.COUT    Tbyp                  0.118   clk_div_1/Mcompar_CLK_OUT_cmp_lt0001_cy<3>
                                                       clk_div_1/Mcompar_CLK_OUT_cmp_lt0001_cy<2>
                                                       clk_div_1/Mcompar_CLK_OUT_cmp_lt0001_cy<3>
    SLICE_X43Y80.CIN     net (fanout=1)        0.000   clk_div_1/Mcompar_CLK_OUT_cmp_lt0001_cy<3>
    SLICE_X43Y80.COUT    Tbyp                  0.118   clk_div_1/Mcompar_CLK_OUT_cmp_lt0001_cy<5>
                                                       clk_div_1/Mcompar_CLK_OUT_cmp_lt0001_cy<4>
                                                       clk_div_1/Mcompar_CLK_OUT_cmp_lt0001_cy<5>
    SLICE_X43Y81.CIN     net (fanout=1)        0.000   clk_div_1/Mcompar_CLK_OUT_cmp_lt0001_cy<5>
    SLICE_X43Y81.COUT    Tbyp                  0.118   clk_div_1/Mcompar_CLK_OUT_cmp_lt0001_cy<7>
                                                       clk_div_1/Mcompar_CLK_OUT_cmp_lt0001_cy<6>
                                                       clk_div_1/Mcompar_CLK_OUT_cmp_lt0001_cy<7>
    SLICE_X43Y82.CIN     net (fanout=1)        0.000   clk_div_1/Mcompar_CLK_OUT_cmp_lt0001_cy<7>
    SLICE_X43Y82.COUT    Tbyp                  0.118   clk_div_1/Mcompar_CLK_OUT_cmp_lt0001_cy<9>
                                                       clk_div_1/Mcompar_CLK_OUT_cmp_lt0001_cy<8>
                                                       clk_div_1/Mcompar_CLK_OUT_cmp_lt0001_cy<9>
    SLICE_X43Y83.CIN     net (fanout=1)        0.000   clk_div_1/Mcompar_CLK_OUT_cmp_lt0001_cy<9>
    SLICE_X43Y83.COUT    Tbyp                  0.118   clk_div_1/Mcompar_CLK_OUT_cmp_lt0001_cy<11>
                                                       clk_div_1/Mcompar_CLK_OUT_cmp_lt0001_cy<10>
                                                       clk_div_1/Mcompar_CLK_OUT_cmp_lt0001_cy<11>
    SLICE_X44Y82.G1      net (fanout=2)        0.894   clk_div_1/Mcompar_CLK_OUT_cmp_lt0001_cy<11>
    SLICE_X44Y82.Y       Tilo                  0.759   clk_div_1/counter_and0000
                                                       clk_div_1/counter_and00001
    SLICE_X47Y86.SR      net (fanout=16)       1.395   clk_div_1/counter_and0000
    SLICE_X47Y86.CLK     Tsrck                 0.910   clk_div_1/counter<24>
                                                       clk_div_1/counter_24
    -------------------------------------------------  ---------------------------
    Total                                      7.281ns (3.851ns logic, 3.430ns route)
                                                       (52.9% logic, 47.1% route)

--------------------------------------------------------------------------------
Slack (setup path):     12.753ns (requirement - (data path - clock path skew + uncertainty))
  Source:               clk_div_1/counter_1 (FF)
  Destination:          clk_div_1/counter_24 (FF)
  Requirement:          20.000ns
  Data Path Delay:      7.247ns (Levels of Logic = 7)
  Clock Path Skew:      0.000ns
  Source Clock:         Clk_BUFGP rising at 0.000ns
  Destination Clock:    Clk_BUFGP rising at 20.000ns
  Clock Uncertainty:    0.000ns

  Maximum Data Path: clk_div_1/counter_1 to clk_div_1/counter_24
    Location             Delay type         Delay(ns)  Physical Resource
                                                       Logical Resource(s)
    -------------------------------------------------  -------------------
    SLICE_X47Y74.YQ      Tcko                  0.587   clk_div_1/counter<0>
                                                       clk_div_1/counter_1
    SLICE_X43Y78.F3      net (fanout=3)        0.950   clk_div_1/counter<1>
    SLICE_X43Y78.COUT    Topcyf                1.162   clk_div_1/Mcompar_CLK_OUT_cmp_lt0001_cy<1>
                                                       clk_div_1/counter<1>_rt.1
                                                       clk_div_1/Mcompar_CLK_OUT_cmp_lt0001_cy<0>
                                                       clk_div_1/Mcompar_CLK_OUT_cmp_lt0001_cy<1>
    SLICE_X43Y79.CIN     net (fanout=1)        0.000   clk_div_1/Mcompar_CLK_OUT_cmp_lt0001_cy<1>
    SLICE_X43Y79.COUT    Tbyp                  0.118   clk_div_1/Mcompar_CLK_OUT_cmp_lt0001_cy<3>
                                                       clk_div_1/Mcompar_CLK_OUT_cmp_lt0001_cy<2>
                                                       clk_div_1/Mcompar_CLK_OUT_cmp_lt0001_cy<3>
    SLICE_X43Y80.CIN     net (fanout=1)        0.000   clk_div_1/Mcompar_CLK_OUT_cmp_lt0001_cy<3>
    SLICE_X43Y80.COUT    Tbyp                  0.118   clk_div_1/Mcompar_CLK_OUT_cmp_lt0001_cy<5>
                                                       clk_div_1/Mcompar_CLK_OUT_cmp_lt0001_cy<4>
                                                       clk_div_1/Mcompar_CLK_OUT_cmp_lt0001_cy<5>
    SLICE_X43Y81.CIN     net (fanout=1)        0.000   clk_div_1/Mcompar_CLK_OUT_cmp_lt0001_cy<5>
    SLICE_X43Y81.COUT    Tbyp                  0.118   clk_div_1/Mcompar_CLK_OUT_cmp_lt0001_cy<7>
                                                       clk_div_1/Mcompar_CLK_OUT_cmp_lt0001_cy<6>
                                                       clk_div_1/Mcompar_CLK_OUT_cmp_lt0001_cy<7>
    SLICE_X43Y82.CIN     net (fanout=1)        0.000   clk_div_1/Mcompar_CLK_OUT_cmp_lt0001_cy<7>
    SLICE_X43Y82.COUT    Tbyp                  0.118   clk_div_1/Mcompar_CLK_OUT_cmp_lt0001_cy<9>
                                                       clk_div_1/Mcompar_CLK_OUT_cmp_lt0001_cy<8>
                                                       clk_div_1/Mcompar_CLK_OUT_cmp_lt0001_cy<9>
    SLICE_X43Y83.CIN     net (fanout=1)        0.000   clk_div_1/Mcompar_CLK_OUT_cmp_lt0001_cy<9>
    SLICE_X43Y83.COUT    Tbyp                  0.118   clk_div_1/Mcompar_CLK_OUT_cmp_lt0001_cy<11>
                                                       clk_div_1/Mcompar_CLK_OUT_cmp_lt0001_cy<10>
                                                       clk_div_1/Mcompar_CLK_OUT_cmp_lt0001_cy<11>
    SLICE_X44Y82.G1      net (fanout=2)        0.894   clk_div_1/Mcompar_CLK_OUT_cmp_lt0001_cy<11>
    SLICE_X44Y82.Y       Tilo                  0.759   clk_div_1/counter_and0000
                                                       clk_div_1/counter_and00001
    SLICE_X47Y86.SR      net (fanout=16)       1.395   clk_div_1/counter_and0000
    SLICE_X47Y86.CLK     Tsrck                 0.910   clk_div_1/counter<24>
                                                       clk_div_1/counter_24
    -------------------------------------------------  ---------------------------
    Total                                      7.247ns (4.008ns logic, 3.239ns route)
                                                       (55.3% logic, 44.7% route)

--------------------------------------------------------------------------------

Paths for end point clk_div_1/counter_25 (SLICE_X47Y86.SR), 63 paths
--------------------------------------------------------------------------------
Slack (setup path):     12.683ns (requirement - (data path - clock path skew + uncertainty))
  Source:               clk_div_1/counter_26 (FF)
  Destination:          clk_div_1/counter_25 (FF)
  Requirement:          20.000ns
  Data Path Delay:      7.317ns (Levels of Logic = 3)
  Clock Path Skew:      0.000ns
  Source Clock:         Clk_BUFGP rising at 0.000ns
  Destination Clock:    Clk_BUFGP rising at 20.000ns
  Clock Uncertainty:    0.000ns

  Maximum Data Path: clk_div_1/counter_26 to clk_div_1/counter_25
    Location             Delay type         Delay(ns)  Physical Resource
                                                       Logical Resource(s)
    -------------------------------------------------  -------------------
    SLICE_X47Y87.XQ      Tcko                  0.591   clk_div_1/counter<26>
                                                       clk_div_1/counter_26
    SLICE_X43Y82.G1      net (fanout=3)        1.649   clk_div_1/counter<26>
    SLICE_X43Y82.COUT    Topcyg                1.001   clk_div_1/Mcompar_CLK_OUT_cmp_lt0001_cy<9>
                                                       clk_div_1/Mcompar_CLK_OUT_cmp_lt0001_lut<9>
                                                       clk_div_1/Mcompar_CLK_OUT_cmp_lt0001_cy<9>
    SLICE_X43Y83.CIN     net (fanout=1)        0.000   clk_div_1/Mcompar_CLK_OUT_cmp_lt0001_cy<9>
    SLICE_X43Y83.COUT    Tbyp                  0.118   clk_div_1/Mcompar_CLK_OUT_cmp_lt0001_cy<11>
                                                       clk_div_1/Mcompar_CLK_OUT_cmp_lt0001_cy<10>
                                                       clk_div_1/Mcompar_CLK_OUT_cmp_lt0001_cy<11>
    SLICE_X44Y82.G1      net (fanout=2)        0.894   clk_div_1/Mcompar_CLK_OUT_cmp_lt0001_cy<11>
    SLICE_X44Y82.Y       Tilo                  0.759   clk_div_1/counter_and0000
                                                       clk_div_1/counter_and00001
    SLICE_X47Y86.SR      net (fanout=16)       1.395   clk_div_1/counter_and0000
    SLICE_X47Y86.CLK     Tsrck                 0.910   clk_div_1/counter<24>
                                                       clk_div_1/counter_25
    -------------------------------------------------  ---------------------------
    Total                                      7.317ns (3.379ns logic, 3.938ns route)
                                                       (46.2% logic, 53.8% route)

--------------------------------------------------------------------------------
Slack (setup path):     12.719ns (requirement - (data path - clock path skew + uncertainty))
  Source:               clk_div_1/counter_2 (FF)
  Destination:          clk_div_1/counter_25 (FF)
  Requirement:          20.000ns
  Data Path Delay:      7.281ns (Levels of Logic = 7)
  Clock Path Skew:      0.000ns
  Source Clock:         Clk_BUFGP rising at 0.000ns
  Destination Clock:    Clk_BUFGP rising at 20.000ns
  Clock Uncertainty:    0.000ns

  Maximum Data Path: clk_div_1/counter_2 to clk_div_1/counter_25
    Location             Delay type         Delay(ns)  Physical Resource
                                                       Logical Resource(s)
    -------------------------------------------------  -------------------
    SLICE_X47Y75.XQ      Tcko                  0.591   clk_div_1/counter<2>
                                                       clk_div_1/counter_2
    SLICE_X43Y78.G1      net (fanout=3)        1.141   clk_div_1/counter<2>
    SLICE_X43Y78.COUT    Topcyg                1.001   clk_div_1/Mcompar_CLK_OUT_cmp_lt0001_cy<1>
                                                       clk_div_1/Mcompar_CLK_OUT_cmp_lt0001_lut<1>
                                                       clk_div_1/Mcompar_CLK_OUT_cmp_lt0001_cy<1>
    SLICE_X43Y79.CIN     net (fanout=1)        0.000   clk_div_1/Mcompar_CLK_OUT_cmp_lt0001_cy<1>
    SLICE_X43Y79.COUT    Tbyp                  0.118   clk_div_1/Mcompar_CLK_OUT_cmp_lt0001_cy<3>
                                                       clk_div_1/Mcompar_CLK_OUT_cmp_lt0001_cy<2>
                                                       clk_div_1/Mcompar_CLK_OUT_cmp_lt0001_cy<3>
    SLICE_X43Y80.CIN     net (fanout=1)        0.000   clk_div_1/Mcompar_CLK_OUT_cmp_lt0001_cy<3>
    SLICE_X43Y80.COUT    Tbyp                  0.118   clk_div_1/Mcompar_CLK_OUT_cmp_lt0001_cy<5>
                                                       clk_div_1/Mcompar_CLK_OUT_cmp_lt0001_cy<4>
                                                       clk_div_1/Mcompar_CLK_OUT_cmp_lt0001_cy<5>
    SLICE_X43Y81.CIN     net (fanout=1)        0.000   clk_div_1/Mcompar_CLK_OUT_cmp_lt0001_cy<5>
    SLICE_X43Y81.COUT    Tbyp                  0.118   clk_div_1/Mcompar_CLK_OUT_cmp_lt0001_cy<7>
                                                       clk_div_1/Mcompar_CLK_OUT_cmp_lt0001_cy<6>
                                                       clk_div_1/Mcompar_CLK_OUT_cmp_lt0001_cy<7>
    SLICE_X43Y82.CIN     net (fanout=1)        0.000   clk_div_1/Mcompar_CLK_OUT_cmp_lt0001_cy<7>
    SLICE_X43Y82.COUT    Tbyp                  0.118   clk_div_1/Mcompar_CLK_OUT_cmp_lt0001_cy<9>
                                                       clk_div_1/Mcompar_CLK_OUT_cmp_lt0001_cy<8>
                                                       clk_div_1/Mcompar_CLK_OUT_cmp_lt0001_cy<9>
    SLICE_X43Y83.CIN     net (fanout=1)        0.000   clk_div_1/Mcompar_CLK_OUT_cmp_lt0001_cy<9>
    SLICE_X43Y83.COUT    Tbyp                  0.118   clk_div_1/Mcompar_CLK_OUT_cmp_lt0001_cy<11>
                                                       clk_div_1/Mcompar_CLK_OUT_cmp_lt0001_cy<10>
                                                       clk_div_1/Mcompar_CLK_OUT_cmp_lt0001_cy<11>
    SLICE_X44Y82.G1      net (fanout=2)        0.894   clk_div_1/Mcompar_CLK_OUT_cmp_lt0001_cy<11>
    SLICE_X44Y82.Y       Tilo                  0.759   clk_div_1/counter_and0000
                                                       clk_div_1/counter_and00001
    SLICE_X47Y86.SR      net (fanout=16)       1.395   clk_div_1/counter_and0000
    SLICE_X47Y86.CLK     Tsrck                 0.910   clk_div_1/counter<24>
                                                       clk_div_1/counter_25
    -------------------------------------------------  ---------------------------
    Total                                      7.281ns (3.851ns logic, 3.430ns route)
                                                       (52.9% logic, 47.1% route)

--------------------------------------------------------------------------------
Slack (setup path):     12.753ns (requirement - (data path - clock path skew + uncertainty))
  Source:               clk_div_1/counter_1 (FF)
  Destination:          clk_div_1/counter_25 (FF)
  Requirement:          20.000ns
  Data Path Delay:      7.247ns (Levels of Logic = 7)
  Clock Path Skew:      0.000ns
  Source Clock:         Clk_BUFGP rising at 0.000ns
  Destination Clock:    Clk_BUFGP rising at 20.000ns
  Clock Uncertainty:    0.000ns

  Maximum Data Path: clk_div_1/counter_1 to clk_div_1/counter_25
    Location             Delay type         Delay(ns)  Physical Resource
                                                       Logical Resource(s)
    -------------------------------------------------  -------------------
    SLICE_X47Y74.YQ      Tcko                  0.587   clk_div_1/counter<0>
                                                       clk_div_1/counter_1
    SLICE_X43Y78.F3      net (fanout=3)        0.950   clk_div_1/counter<1>
    SLICE_X43Y78.COUT    Topcyf                1.162   clk_div_1/Mcompar_CLK_OUT_cmp_lt0001_cy<1>
                                                       clk_div_1/counter<1>_rt.1
                                                       clk_div_1/Mcompar_CLK_OUT_cmp_lt0001_cy<0>
                                                       clk_div_1/Mcompar_CLK_OUT_cmp_lt0001_cy<1>
    SLICE_X43Y79.CIN     net (fanout=1)        0.000   clk_div_1/Mcompar_CLK_OUT_cmp_lt0001_cy<1>
    SLICE_X43Y79.COUT    Tbyp                  0.118   clk_div_1/Mcompar_CLK_OUT_cmp_lt0001_cy<3>
                                                       clk_div_1/Mcompar_CLK_OUT_cmp_lt0001_cy<2>
                                                       clk_div_1/Mcompar_CLK_OUT_cmp_lt0001_cy<3>
    SLICE_X43Y80.CIN     net (fanout=1)        0.000   clk_div_1/Mcompar_CLK_OUT_cmp_lt0001_cy<3>
    SLICE_X43Y80.COUT    Tbyp                  0.118   clk_div_1/Mcompar_CLK_OUT_cmp_lt0001_cy<5>
                                                       clk_div_1/Mcompar_CLK_OUT_cmp_lt0001_cy<4>
                                                       clk_div_1/Mcompar_CLK_OUT_cmp_lt0001_cy<5>
    SLICE_X43Y81.CIN     net (fanout=1)        0.000   clk_div_1/Mcompar_CLK_OUT_cmp_lt0001_cy<5>
    SLICE_X43Y81.COUT    Tbyp                  0.118   clk_div_1/Mcompar_CLK_OUT_cmp_lt0001_cy<7>
                                                       clk_div_1/Mcompar_CLK_OUT_cmp_lt0001_cy<6>
                                                       clk_div_1/Mcompar_CLK_OUT_cmp_lt0001_cy<7>
    SLICE_X43Y82.CIN     net (fanout=1)        0.000   clk_div_1/Mcompar_CLK_OUT_cmp_lt0001_cy<7>
    SLICE_X43Y82.COUT    Tbyp                  0.118   clk_div_1/Mcompar_CLK_OUT_cmp_lt0001_cy<9>
                                                       clk_div_1/Mcompar_CLK_OUT_cmp_lt0001_cy<8>
                                                       clk_div_1/Mcompar_CLK_OUT_cmp_lt0001_cy<9>
    SLICE_X43Y83.CIN     net (fanout=1)        0.000   clk_div_1/Mcompar_CLK_OUT_cmp_lt0001_cy<9>
    SLICE_X43Y83.COUT    Tbyp                  0.118   clk_div_1/Mcompar_CLK_OUT_cmp_lt0001_cy<11>
                                                       clk_div_1/Mcompar_CLK_OUT_cmp_lt0001_cy<10>
                                                       clk_div_1/Mcompar_CLK_OUT_cmp_lt0001_cy<11>
    SLICE_X44Y82.G1      net (fanout=2)        0.894   clk_div_1/Mcompar_CLK_OUT_cmp_lt0001_cy<11>
    SLICE_X44Y82.Y       Tilo                  0.759   clk_div_1/counter_and0000
                                                       clk_div_1/counter_and00001
    SLICE_X47Y86.SR      net (fanout=16)       1.395   clk_div_1/counter_and0000
    SLICE_X47Y86.CLK     Tsrck                 0.910   clk_div_1/counter<24>
                                                       clk_div_1/counter_25
    -------------------------------------------------  ---------------------------
    Total                                      7.247ns (4.008ns logic, 3.239ns route)
                                                       (55.3% logic, 44.7% route)

--------------------------------------------------------------------------------

Paths for end point clk_div_1/counter_26 (SLICE_X47Y87.SR), 63 paths
--------------------------------------------------------------------------------
Slack (setup path):     12.683ns (requirement - (data path - clock path skew + uncertainty))
  Source:               clk_div_1/counter_26 (FF)
  Destination:          clk_div_1/counter_26 (FF)
  Requirement:          20.000ns
  Data Path Delay:      7.317ns (Levels of Logic = 3)
  Clock Path Skew:      0.000ns
  Source Clock:         Clk_BUFGP rising at 0.000ns
  Destination Clock:    Clk_BUFGP rising at 20.000ns
  Clock Uncertainty:    0.000ns

  Maximum Data Path: clk_div_1/counter_26 to clk_div_1/counter_26
    Location             Delay type         Delay(ns)  Physical Resource
                                                       Logical Resource(s)
    -------------------------------------------------  -------------------
    SLICE_X47Y87.XQ      Tcko                  0.591   clk_div_1/counter<26>
                                                       clk_div_1/counter_26
    SLICE_X43Y82.G1      net (fanout=3)        1.649   clk_div_1/counter<26>
    SLICE_X43Y82.COUT    Topcyg                1.001   clk_div_1/Mcompar_CLK_OUT_cmp_lt0001_cy<9>
                                                       clk_div_1/Mcompar_CLK_OUT_cmp_lt0001_lut<9>
                                                       clk_div_1/Mcompar_CLK_OUT_cmp_lt0001_cy<9>
    SLICE_X43Y83.CIN     net (fanout=1)        0.000   clk_div_1/Mcompar_CLK_OUT_cmp_lt0001_cy<9>
    SLICE_X43Y83.COUT    Tbyp                  0.118   clk_div_1/Mcompar_CLK_OUT_cmp_lt0001_cy<11>
                                                       clk_div_1/Mcompar_CLK_OUT_cmp_lt0001_cy<10>
                                                       clk_div_1/Mcompar_CLK_OUT_cmp_lt0001_cy<11>
    SLICE_X44Y82.G1      net (fanout=2)        0.894   clk_div_1/Mcompar_CLK_OUT_cmp_lt0001_cy<11>
    SLICE_X44Y82.Y       Tilo                  0.759   clk_div_1/counter_and0000
                                                       clk_div_1/counter_and00001
    SLICE_X47Y87.SR      net (fanout=16)       1.395   clk_div_1/counter_and0000
    SLICE_X47Y87.CLK     Tsrck                 0.910   clk_div_1/counter<26>
                                                       clk_div_1/counter_26
    -------------------------------------------------  ---------------------------
    Total                                      7.317ns (3.379ns logic, 3.938ns route)
                                                       (46.2% logic, 53.8% route)

--------------------------------------------------------------------------------
Slack (setup path):     12.719ns (requirement - (data path - clock path skew + uncertainty))
  Source:               clk_div_1/counter_2 (FF)
  Destination:          clk_div_1/counter_26 (FF)
  Requirement:          20.000ns
  Data Path Delay:      7.281ns (Levels of Logic = 7)
  Clock Path Skew:      0.000ns
  Source Clock:         Clk_BUFGP rising at 0.000ns
  Destination Clock:    Clk_BUFGP rising at 20.000ns
  Clock Uncertainty:    0.000ns

  Maximum Data Path: clk_div_1/counter_2 to clk_div_1/counter_26
    Location             Delay type         Delay(ns)  Physical Resource
                                                       Logical Resource(s)
    -------------------------------------------------  -------------------
    SLICE_X47Y75.XQ      Tcko                  0.591   clk_div_1/counter<2>
                                                       clk_div_1/counter_2
    SLICE_X43Y78.G1      net (fanout=3)        1.141   clk_div_1/counter<2>
    SLICE_X43Y78.COUT    Topcyg                1.001   clk_div_1/Mcompar_CLK_OUT_cmp_lt0001_cy<1>
                                                       clk_div_1/Mcompar_CLK_OUT_cmp_lt0001_lut<1>
                                                       clk_div_1/Mcompar_CLK_OUT_cmp_lt0001_cy<1>
    SLICE_X43Y79.CIN     net (fanout=1)        0.000   clk_div_1/Mcompar_CLK_OUT_cmp_lt0001_cy<1>
    SLICE_X43Y79.COUT    Tbyp                  0.118   clk_div_1/Mcompar_CLK_OUT_cmp_lt0001_cy<3>
                                                       clk_div_1/Mcompar_CLK_OUT_cmp_lt0001_cy<2>
                                                       clk_div_1/Mcompar_CLK_OUT_cmp_lt0001_cy<3>
    SLICE_X43Y80.CIN     net (fanout=1)        0.000   clk_div_1/Mcompar_CLK_OUT_cmp_lt0001_cy<3>
    SLICE_X43Y80.COUT    Tbyp                  0.118   clk_div_1/Mcompar_CLK_OUT_cmp_lt0001_cy<5>
                                                       clk_div_1/Mcompar_CLK_OUT_cmp_lt0001_cy<4>
                                                       clk_div_1/Mcompar_CLK_OUT_cmp_lt0001_cy<5>
    SLICE_X43Y81.CIN     net (fanout=1)        0.000   clk_div_1/Mcompar_CLK_OUT_cmp_lt0001_cy<5>
    SLICE_X43Y81.COUT    Tbyp                  0.118   clk_div_1/Mcompar_CLK_OUT_cmp_lt0001_cy<7>
                                                       clk_div_1/Mcompar_CLK_OUT_cmp_lt0001_cy<6>
                                                       clk_div_1/Mcompar_CLK_OUT_cmp_lt0001_cy<7>
    SLICE_X43Y82.CIN     net (fanout=1)        0.000   clk_div_1/Mcompar_CLK_OUT_cmp_lt0001_cy<7>
    SLICE_X43Y82.COUT    Tbyp                  0.118   clk_div_1/Mcompar_CLK_OUT_cmp_lt0001_cy<9>
                                                       clk_div_1/Mcompar_CLK_OUT_cmp_lt0001_cy<8>
                                                       clk_div_1/Mcompar_CLK_OUT_cmp_lt0001_cy<9>
    SLICE_X43Y83.CIN     net (fanout=1)        0.000   clk_div_1/Mcompar_CLK_OUT_cmp_lt0001_cy<9>
    SLICE_X43Y83.COUT    Tbyp                  0.118   clk_div_1/Mcompar_CLK_OUT_cmp_lt0001_cy<11>
                                                       clk_div_1/Mcompar_CLK_OUT_cmp_lt0001_cy<10>
                                                       clk_div_1/Mcompar_CLK_OUT_cmp_lt0001_cy<11>
    SLICE_X44Y82.G1      net (fanout=2)        0.894   clk_div_1/Mcompar_CLK_OUT_cmp_lt0001_cy<11>
    SLICE_X44Y82.Y       Tilo                  0.759   clk_div_1/counter_and0000
                                                       clk_div_1/counter_and00001
    SLICE_X47Y87.SR      net (fanout=16)       1.395   clk_div_1/counter_and0000
    SLICE_X47Y87.CLK     Tsrck                 0.910   clk_div_1/counter<26>
                                                       clk_div_1/counter_26
    -------------------------------------------------  ---------------------------
    Total                                      7.281ns (3.851ns logic, 3.430ns route)
                                                       (52.9% logic, 47.1% route)

--------------------------------------------------------------------------------
Slack (setup path):     12.753ns (requirement - (data path - clock path skew + uncertainty))
  Source:               clk_div_1/counter_1 (FF)
  Destination:          clk_div_1/counter_26 (FF)
  Requirement:          20.000ns
  Data Path Delay:      7.247ns (Levels of Logic = 7)
  Clock Path Skew:      0.000ns
  Source Clock:         Clk_BUFGP rising at 0.000ns
  Destination Clock:    Clk_BUFGP rising at 20.000ns
  Clock Uncertainty:    0.000ns

  Maximum Data Path: clk_div_1/counter_1 to clk_div_1/counter_26
    Location             Delay type         Delay(ns)  Physical Resource
                                                       Logical Resource(s)
    -------------------------------------------------  -------------------
    SLICE_X47Y74.YQ      Tcko                  0.587   clk_div_1/counter<0>
                                                       clk_div_1/counter_1
    SLICE_X43Y78.F3      net (fanout=3)        0.950   clk_div_1/counter<1>
    SLICE_X43Y78.COUT    Topcyf                1.162   clk_div_1/Mcompar_CLK_OUT_cmp_lt0001_cy<1>
                                                       clk_div_1/counter<1>_rt.1
                                                       clk_div_1/Mcompar_CLK_OUT_cmp_lt0001_cy<0>
                                                       clk_div_1/Mcompar_CLK_OUT_cmp_lt0001_cy<1>
    SLICE_X43Y79.CIN     net (fanout=1)        0.000   clk_div_1/Mcompar_CLK_OUT_cmp_lt0001_cy<1>
    SLICE_X43Y79.COUT    Tbyp                  0.118   clk_div_1/Mcompar_CLK_OUT_cmp_lt0001_cy<3>
                                                       clk_div_1/Mcompar_CLK_OUT_cmp_lt0001_cy<2>
                                                       clk_div_1/Mcompar_CLK_OUT_cmp_lt0001_cy<3>
    SLICE_X43Y80.CIN     net (fanout=1)        0.000   clk_div_1/Mcompar_CLK_OUT_cmp_lt0001_cy<3>
    SLICE_X43Y80.COUT    Tbyp                  0.118   clk_div_1/Mcompar_CLK_OUT_cmp_lt0001_cy<5>
                                                       clk_div_1/Mcompar_CLK_OUT_cmp_lt0001_cy<4>
                                                       clk_div_1/Mcompar_CLK_OUT_cmp_lt0001_cy<5>
    SLICE_X43Y81.CIN     net (fanout=1)        0.000   clk_div_1/Mcompar_CLK_OUT_cmp_lt0001_cy<5>
    SLICE_X43Y81.COUT    Tbyp                  0.118   clk_div_1/Mcompar_CLK_OUT_cmp_lt0001_cy<7>
                                                       clk_div_1/Mcompar_CLK_OUT_cmp_lt0001_cy<6>
                                                       clk_div_1/Mcompar_CLK_OUT_cmp_lt0001_cy<7>
    SLICE_X43Y82.CIN     net (fanout=1)        0.000   clk_div_1/Mcompar_CLK_OUT_cmp_lt0001_cy<7>
    SLICE_X43Y82.COUT    Tbyp                  0.118   clk_div_1/Mcompar_CLK_OUT_cmp_lt0001_cy<9>
                                                       clk_div_1/Mcompar_CLK_OUT_cmp_lt0001_cy<8>
                                                       clk_div_1/Mcompar_CLK_OUT_cmp_lt0001_cy<9>
    SLICE_X43Y83.CIN     net (fanout=1)        0.000   clk_div_1/Mcompar_CLK_OUT_cmp_lt0001_cy<9>
    SLICE_X43Y83.COUT    Tbyp                  0.118   clk_div_1/Mcompar_CLK_OUT_cmp_lt0001_cy<11>
                                                       clk_div_1/Mcompar_CLK_OUT_cmp_lt0001_cy<10>
                                                       clk_div_1/Mcompar_CLK_OUT_cmp_lt0001_cy<11>
    SLICE_X44Y82.G1      net (fanout=2)        0.894   clk_div_1/Mcompar_CLK_OUT_cmp_lt0001_cy<11>
    SLICE_X44Y82.Y       Tilo                  0.759   clk_div_1/counter_and0000
                                                       clk_div_1/counter_and00001
    SLICE_X47Y87.SR      net (fanout=16)       1.395   clk_div_1/counter_and0000
    SLICE_X47Y87.CLK     Tsrck                 0.910   clk_div_1/counter<26>
                                                       clk_div_1/counter_26
    -------------------------------------------------  ---------------------------
    Total                                      7.247ns (4.008ns logic, 3.239ns route)
                                                       (55.3% logic, 44.7% route)

--------------------------------------------------------------------------------

Hold Paths: NET "Clk_BUFGP/IBUFG" PERIOD = 20 ns HIGH 40%;
--------------------------------------------------------------------------------

Paths for end point clk_div_1/counter_0 (SLICE_X47Y74.F4), 1 path
--------------------------------------------------------------------------------
Slack (hold path):      1.607ns (requirement - (clock path skew + uncertainty - data path))
  Source:               clk_div_1/counter_0 (FF)
  Destination:          clk_div_1/counter_0 (FF)
  Requirement:          0.000ns
  Data Path Delay:      1.607ns (Levels of Logic = 1)
  Clock Path Skew:      0.000ns
  Source Clock:         Clk_BUFGP rising at 20.000ns
  Destination Clock:    Clk_BUFGP rising at 20.000ns
  Clock Uncertainty:    0.000ns

  Minimum Data Path: clk_div_1/counter_0 to clk_div_1/counter_0
    Location             Delay type         Delay(ns)  Physical Resource
                                                       Logical Resource(s)
    -------------------------------------------------  -------------------
    SLICE_X47Y74.XQ      Tcko                  0.473   clk_div_1/counter<0>
                                                       clk_div_1/counter_0
    SLICE_X47Y74.F4      net (fanout=2)        0.333   clk_div_1/counter<0>
    SLICE_X47Y74.CLK     Tckf        (-Th)    -0.801   clk_div_1/counter<0>
                                                       clk_div_1/Mcount_counter_lut<0>_INV_0
                                                       clk_div_1/Mcount_counter_xor<0>
                                                       clk_div_1/counter_0
    -------------------------------------------------  ---------------------------
    Total                                      1.607ns (1.274ns logic, 0.333ns route)
                                                       (79.3% logic, 20.7% route)

--------------------------------------------------------------------------------

Paths for end point clk_div_1/counter_18 (SLICE_X47Y83.F4), 1 path
--------------------------------------------------------------------------------
Slack (hold path):      1.607ns (requirement - (clock path skew + uncertainty - data path))
  Source:               clk_div_1/counter_18 (FF)
  Destination:          clk_div_1/counter_18 (FF)
  Requirement:          0.000ns
  Data Path Delay:      1.607ns (Levels of Logic = 1)
  Clock Path Skew:      0.000ns
  Source Clock:         Clk_BUFGP rising at 20.000ns
  Destination Clock:    Clk_BUFGP rising at 20.000ns
  Clock Uncertainty:    0.000ns

  Minimum Data Path: clk_div_1/counter_18 to clk_div_1/counter_18
    Location             Delay type         Delay(ns)  Physical Resource
                                                       Logical Resource(s)
    -------------------------------------------------  -------------------
    SLICE_X47Y83.XQ      Tcko                  0.473   clk_div_1/counter<18>
                                                       clk_div_1/counter_18
    SLICE_X47Y83.F4      net (fanout=3)        0.333   clk_div_1/counter<18>
    SLICE_X47Y83.CLK     Tckf        (-Th)    -0.801   clk_div_1/counter<18>
                                                       clk_div_1/counter<18>_rt
                                                       clk_div_1/Mcount_counter_xor<18>
                                                       clk_div_1/counter_18
    -------------------------------------------------  ---------------------------
    Total                                      1.607ns (1.274ns logic, 0.333ns route)
                                                       (79.3% logic, 20.7% route)

--------------------------------------------------------------------------------

Paths for end point clk_div_1/counter_16 (SLICE_X47Y82.F3), 1 path
--------------------------------------------------------------------------------
Slack (hold path):      1.618ns (requirement - (clock path skew + uncertainty - data path))
  Source:               clk_div_1/counter_16 (FF)
  Destination:          clk_div_1/counter_16 (FF)
  Requirement:          0.000ns
  Data Path Delay:      1.618ns (Levels of Logic = 1)
  Clock Path Skew:      0.000ns
  Source Clock:         Clk_BUFGP rising at 20.000ns
  Destination Clock:    Clk_BUFGP rising at 20.000ns
  Clock Uncertainty:    0.000ns

  Minimum Data Path: clk_div_1/counter_16 to clk_div_1/counter_16
    Location             Delay type         Delay(ns)  Physical Resource
                                                       Logical Resource(s)
    -------------------------------------------------  -------------------
    SLICE_X47Y82.XQ      Tcko                  0.473   clk_div_1/counter<16>
                                                       clk_div_1/counter_16
    SLICE_X47Y82.F3      net (fanout=3)        0.344   clk_div_1/counter<16>
    SLICE_X47Y82.CLK     Tckf        (-Th)    -0.801   clk_div_1/counter<16>
                                                       clk_div_1/counter<16>_rt
                                                       clk_div_1/Mcount_counter_xor<16>
                                                       clk_div_1/counter_16
    -------------------------------------------------  ---------------------------
    Total                                      1.618ns (1.274ns logic, 0.344ns route)
                                                       (78.7% logic, 21.3% route)

--------------------------------------------------------------------------------

Component Switching Limit Checks: NET "Clk_BUFGP/IBUFG" PERIOD = 20 ns HIGH 40%;
--------------------------------------------------------------------------------
Slack: 17.935ns (period - (min high pulse limit / (high pulse / period)))
  Period: 20.000ns
  High pulse: 8.000ns
  High pulse limit: 0.826ns (Tch)
  Physical resource: clk_div_1/CLK_OUT1/CLK
  Logical resource: clk_div_1/CLK_OUT/CK
  Location pin: SLICE_X44Y83.CLK
  Clock network: Clk_BUFGP
--------------------------------------------------------------------------------
Slack: 18.005ns (period - (min high pulse limit / (high pulse / period)))
  Period: 20.000ns
  High pulse: 8.000ns
  High pulse limit: 0.798ns (Tch)
  Physical resource: clk_div_1/counter<0>/CLK
  Logical resource: clk_div_1/counter_0/CK
  Location pin: SLICE_X47Y74.CLK
  Clock network: Clk_BUFGP
--------------------------------------------------------------------------------
Slack: 18.005ns (period - (min high pulse limit / (high pulse / period)))
  Period: 20.000ns
  High pulse: 8.000ns
  High pulse limit: 0.798ns (Tch)
  Physical resource: clk_div_1/counter<0>/CLK
  Logical resource: clk_div_1/counter_1/CK
  Location pin: SLICE_X47Y74.CLK
  Clock network: Clk_BUFGP
--------------------------------------------------------------------------------


All constraints were met.


Data Sheet report:
-----------------
All values displayed in nanoseconds (ns)

Clock to Setup on destination clock Clk
---------------+---------+---------+---------+---------+
               | Src:Rise| Src:Fall| Src:Rise| Src:Fall|
Source Clock   |Dest:Rise|Dest:Rise|Dest:Fall|Dest:Fall|
---------------+---------+---------+---------+---------+
Clk            |    7.317|         |         |         |
---------------+---------+---------+---------+---------+


Timing summary:
---------------

Timing errors: 0  Score: 0  (Setup/Max: 0, Hold: 0)

Constraints cover 2607 paths, 0 nets, and 158 connections

Design statistics:
   Minimum period:   7.317ns{1}   (Maximum frequency: 136.668MHz)


------------------------------------Footnotes-----------------------------------
1)  The minimum period statistic assumes all single cycle delays.

Analysis completed Thu Dec 14 00:41:34 2023 
--------------------------------------------------------------------------------

Trace Settings:
-------------------------
Trace Settings 

Peak Memory Usage: 365 MB



